  Source.cpp
e:\tools\opencv\opencv\build\include\opencv2\core\mat.hpp(1965): warning C4819: The file contains a character that cannot be represented in the current code page (950). Save the file in Unicode format to prevent data loss
e:\tools\opencv\opencv\build\include\opencv2\core\persistence.hpp : warning C4819: The file contains a character that cannot be represented in the current code page (950). Save the file in Unicode format to prevent data loss
e:\tools\opencv\opencv\build\include\opencv2\core\utility.hpp : warning C4819: The file contains a character that cannot be represented in the current code page (950). Save the file in Unicode format to prevent data loss
e:\tools\opencv\opencv\build\include\opencv2\core\utility.hpp : warning C4819: The file contains a character that cannot be represented in the current code page (950). Save the file in Unicode format to prevent data loss
Source.obj : error LNK2019: unresolved external symbol "void __cdecl cv::fastFree(void *)" (?fastFree@cv@@YAXPAX@Z) referenced in function "public: __thiscall cv::Mat::~Mat(void)" (??1Mat@cv@@QAE@XZ)
Source.obj : error LNK2019: unresolved external symbol "private: char * __thiscall cv::String::allocate(unsigned int)" (?allocate@String@cv@@AAEPADI@Z) referenced in function "public: __thiscall cv::String::String(char const *)" (??0String@cv@@QAE@PBD@Z)
Source.obj : error LNK2019: unresolved external symbol "private: void __thiscall cv::String::deallocate(void)" (?deallocate@String@cv@@AAEXXZ) referenced in function "public: __thiscall cv::String::~String(void)" (??1String@cv@@QAE@XZ)
Source.obj : error LNK2019: unresolved external symbol "void __cdecl cv::error(int,class cv::String const &,char const *,char const *,int)" (?error@cv@@YAXHABVString@1@PBD1H@Z) referenced in function "class cv::FileStorage & __cdecl cv::operator<<<class cv::Mat>(class cv::FileStorage &,class cv::Mat const &)" (??$?6VMat@cv@@@cv@@YAAAVFileStorage@0@AAV10@ABVMat@0@@Z)
Source.obj : error LNK2019: unresolved external symbol "public: __thiscall cv::Mat::Mat(class cv::Mat const &,class cv::Rect_<int> const &)" (??0Mat@cv@@QAE@ABV01@ABV?$Rect_@H@1@@Z) referenced in function "public: class cv::Mat __thiscall cv::Mat::operator()(class cv::Rect_<int> const &)const " (??RMat@cv@@QBE?AV01@ABV?$Rect_@H@1@@Z)
Source.obj : error LNK2019: unresolved external symbol "public: void __thiscall cv::Mat::copyTo(class cv::_OutputArray const &)const " (?copyTo@Mat@cv@@QBEXABV_OutputArray@2@@Z) referenced in function "public: __thiscall cv::Mat::Mat<class cv::Point_<int> >(class std::vector<class cv::Point_<int>,class std::allocator<class cv::Point_<int> > > const &,bool)" (??$?0V?$Point_@H@cv@@@Mat@cv@@QAE@ABV?$vector@V?$Point_@H@cv@@V?$allocator@V?$Point_@H@cv@@@std@@@std@@_N@Z)
Source.obj : error LNK2019: unresolved external symbol "public: void __thiscall cv::Mat::convertTo(class cv::_OutputArray const &,int,double,double)const " (?convertTo@Mat@cv@@QBEXABV_OutputArray@2@HNN@Z) referenced in function _main
Source.obj : error LNK2019: unresolved external symbol "public: class cv::Mat __thiscall cv::Mat::reshape(int,int)const " (?reshape@Mat@cv@@QBE?AV12@HH@Z) referenced in function _main
Source.obj : error LNK2019: unresolved external symbol "public: void __thiscall cv::Mat::deallocate(void)" (?deallocate@Mat@cv@@QAEXXZ) referenced in function "public: void __thiscall cv::Mat::release(void)" (?release@Mat@cv@@QAEXXZ)
Source.obj : error LNK2019: unresolved external symbol "public: void __thiscall cv::Mat::push_back_(void const *)" (?push_back_@Mat@cv@@QAEXPBX@Z) referenced in function "public: void __thiscall cv::Mat::push_back<int>(int const &)" (??$push_back@H@Mat@cv@@QAEXABH@Z)
Source.obj : error LNK2019: unresolved external symbol "public: void __thiscall cv::Mat::push_back(class cv::Mat const &)" (?push_back@Mat@cv@@QAEXABV12@@Z) referenced in function _main
Source.obj : error LNK2019: unresolved external symbol "public: __thiscall cv::FileStorage::FileStorage(class cv::String const &,int,class cv::String const &)" (??0FileStorage@cv@@QAE@ABVString@1@H0@Z) referenced in function _main
Source.obj : error LNK2019: unresolved external symbol "public: virtual __thiscall cv::FileStorage::~FileStorage(void)" (??1FileStorage@cv@@UAE@XZ) referenced in function _main
Source.obj : error LNK2019: unresolved external symbol "public: virtual bool __thiscall cv::FileStorage::isOpened(void)const " (?isOpened@FileStorage@cv@@UBE_NXZ) referenced in function _main
Source.obj : error LNK2019: unresolved external symbol "public: virtual void __thiscall cv::FileStorage::release(void)" (?release@FileStorage@cv@@UAEXXZ) referenced in function _main
Source.obj : error LNK2019: unresolved external symbol "void __cdecl cv::write(class cv::FileStorage &,class cv::String const &,class cv::Mat const &)" (?write@cv@@YAXAAVFileStorage@1@ABVString@1@ABVMat@1@@Z) referenced in function "class cv::FileStorage & __cdecl cv::operator<<<class cv::Mat>(class cv::FileStorage &,class cv::Mat const &)" (??$?6VMat@cv@@@cv@@YAAAVFileStorage@0@AAV10@ABVMat@0@@Z)
Source.obj : error LNK2019: unresolved external symbol "class cv::FileStorage & __cdecl cv::operator<<(class cv::FileStorage &,class cv::String const &)" (??6cv@@YAAAVFileStorage@0@AAV10@ABVString@0@@Z) referenced in function "class cv::FileStorage & __cdecl cv::operator<<(class cv::FileStorage &,char const *)" (??6cv@@YAAAVFileStorage@0@AAV10@PBD@Z)
Source.obj : error LNK2019: unresolved external symbol "class cv::Mat __cdecl cv::imread(class cv::String const &,int)" (?imread@cv@@YA?AVMat@1@ABVString@1@H@Z) referenced in function _main
Source.obj : error LNK2019: unresolved external symbol "void __cdecl cv::imshow(class cv::String const &,class cv::_InputArray const &)" (?imshow@cv@@YAXABVString@1@ABV_InputArray@1@@Z) referenced in function _main
Source.obj : error LNK2019: unresolved external symbol "void __cdecl cv::GaussianBlur(class cv::_InputArray const &,class cv::_OutputArray const &,class cv::Size_<int>,double,double,int)" (?GaussianBlur@cv@@YAXABV_InputArray@1@ABV_OutputArray@1@V?$Size_@H@1@NNH@Z) referenced in function _main
Source.obj : error LNK2019: unresolved external symbol "void __cdecl cv::resize(class cv::_InputArray const &,class cv::_OutputArray const &,class cv::Size_<int>,double,double,int)" (?resize@cv@@YAXABV_InputArray@1@ABV_OutputArray@1@V?$Size_@H@1@NNH@Z) referenced in function _main
Source.obj : error LNK2019: unresolved external symbol "void __cdecl cv::adaptiveThreshold(class cv::_InputArray const &,class cv::_OutputArray const &,double,int,int,int,double)" (?adaptiveThreshold@cv@@YAXABV_InputArray@1@ABV_OutputArray@1@NHHHN@Z) referenced in function _main
Source.obj : error LNK2019: unresolved external symbol "void __cdecl cv::cvtColor(class cv::_InputArray const &,class cv::_OutputArray const &,int,int)" (?cvtColor@cv@@YAXABV_InputArray@1@ABV_OutputArray@1@HH@Z) referenced in function _main
Source.obj : error LNK2019: unresolved external symbol "void __cdecl cv::findContours(class cv::_InputOutputArray const &,class cv::_OutputArray const &,int,int,class cv::Point_<int>)" (?findContours@cv@@YAXABV_InputOutputArray@1@ABV_OutputArray@1@HHV?$Point_@H@1@@Z) referenced in function _main
Source.obj : error LNK2019: unresolved external symbol "class cv::Rect_<int> __cdecl cv::boundingRect(class cv::_InputArray const &)" (?boundingRect@cv@@YA?AV?$Rect_@H@1@ABV_InputArray@1@@Z) referenced in function "public: bool __thiscall boundingRects_sorter::operator()(class std::vector<class cv::Point_<int>,class std::allocator<class cv::Point_<int> > > const &,class std::vector<class cv::Point_<int>,class std::allocator<class cv::Point_<int> > > const &)" (??RboundingRects_sorter@@QAE_NABV?$vector@V?$Point_@H@cv@@V?$allocator@V?$Point_@H@cv@@@std@@@std@@0@Z)
Source.obj : error LNK2019: unresolved external symbol "void __cdecl cv::rectangle(class cv::Mat &,class cv::Rect_<int>,class cv::Scalar_<double> const &,int,int,int)" (?rectangle@cv@@YAXAAVMat@1@V?$Rect_@H@1@ABV?$Scalar_@N@1@HHH@Z) referenced in function _main
E:\Tools\OpenCV\opencv\build\x64\vc14\lib\opencv_world310d.lib : warning LNK4272: library machine type 'x64' conflicts with target machine type 'X86'
C:\Users\HCJ\Documents\Visual Studio 2015\training\Debug\training.exe : fatal error LNK1120: 26 unresolved externals
